2021-05-12T23:52:40.717  chia.plotting.create_plots       : [32mINFO    [0m Creating 100 plots of size 32, pool public key:  944251a2142d245ae2c3aaeab2d445529f3ba9165c2044c450cb38372d2c34ca33e310b9c3e08863bf7a1ad0542deff7 farmer public key: ab678de57d730b3513f467e91c028b80c2074ef93bc8f2d06b188064ebd6d0d503dec8dee60028cbc3b4391b20b23a29[0m
2021-05-12T23:52:40.727  chia.plotting.create_plots       : [32mINFO    [0m Memo: 944251a2142d245ae2c3aaeab2d445529f3ba9165c2044c450cb38372d2c34ca33e310b9c3e08863bf7a1ad0542deff7ab678de57d730b3513f467e91c028b80c2074ef93bc8f2d06b188064ebd6d0d503dec8dee60028cbc3b4391b20b23a2928e632345d29725eff0cec8e0e40045780a420e8147a8eb90260410f0a7638a6[0m
2021-05-12T23:52:40.733  chia.plotting.create_plots       : [32mINFO    [0m Starting plot 1/100[0m

Starting plotting progress into temporary dirs: g:\chiaca and g:\chiaca
ID: 7cceaa17a79535a73ea041ee61df31f67178c727f8089545bebe0faea5936b40
Plot size is: 32
Buffer size is: 8000MiB
Using 64 buckets
Using 8 threads of stripe size 65536

Starting phase 1/4: Forward Propagation into tmp files... Wed May 12 23:52:40 2021
Computing table 1
F1 complete, time: 547.081 seconds. CPU (48.46%) Thu May 13 00:01:47 2021
Computing table 2
	Bucket 0 uniform sort. Ram: 7.732GiB, u_sort min: 2.250GiB, qs min: 0.563GiB.
	Bucket 1 uniform sort. Ram: 7.732GiB, u_sort min: 1.125GiB, qs min: 0.562GiB.
	Bucket 2 uniform sort. Ram: 7.732GiB, u_sort min: 2.250GiB, qs min: 0.563GiB.
	Bucket 3 uniform sort. Ram: 7.732GiB, u_sort min: 1.125GiB, qs min: 0.562GiB.
	Bucket 4 uniform sort. Ram: 7.732GiB, u_sort min: 2.250GiB, qs min: 0.563GiB.
	Bucket 5 uniform sort. Ram: 7.732GiB, u_sort min: 1.125GiB, qs min: 0.562GiB.
	Bucket 6 uniform sort. Ram: 7.732GiB, u_sort min: 2.250GiB, qs min: 0.563GiB.
	Bucket 7 uniform sort. Ram: 7.732GiB, u_sort min: 2.250GiB, qs min: 0.563GiB.
	Bucket 8 uniform sort. Ram: 7.732GiB, u_sort min: 2.250GiB, qs min: 0.563GiB.
	Bucket 9 uniform sort. Ram: 7.732GiB, u_sort min: 2.250GiB, qs min: 0.563GiB.
	Bucket 10 uniform sort. Ram: 7.732GiB, u_sort min: 1.125GiB, qs min: 0.562GiB.
	Bucket 11 uniform sort. Ram: 7.732GiB, u_sort min: 2.250GiB, qs min: 0.563GiB.
	Bucket 12 uniform sort. Ram: 7.732GiB, u_sort min: 2.250GiB, qs min: 0.563GiB.
	Bucket 13 uniform sort. Ram: 7.732GiB, u_sort min: 1.125GiB, qs min: 0.562GiB.
	Bucket 14 uniform sort. Ram: 7.732GiB, u_sort min: 1.125GiB, qs min: 0.562GiB.
	Bucket 15 uniform sort. Ram: 7.732GiB, u_sort min: 2.250GiB, qs min: 0.563GiB.
	Bucket 16 uniform sort. Ram: 7.732GiB, u_sort min: 1.125GiB, qs min: 0.562GiB.
	Bucket 17 uniform sort. Ram: 7.732GiB, u_sort min: 1.125GiB, qs min: 0.562GiB.
	Bucket 18 uniform sort. Ram: 7.732GiB, u_sort min: 1.125GiB, qs min: 0.562GiB.
	Bucket 19 uniform sort. Ram: 7.732GiB, u_sort min: 2.250GiB, qs min: 0.563GiB.
	Bucket 20 uniform sort. Ram: 7.732GiB, u_sort min: 2.250GiB, qs min: 0.563GiB.
	Bucket 21 uniform sort. Ram: 7.732GiB, u_sort min: 2.250GiB, qs min: 0.563GiB.
	Bucket 22 uniform sort. Ram: 7.732GiB, u_sort min: 2.250GiB, qs min: 0.563GiB.
	Bucket 23 uniform sort. Ram: 7.732GiB, u_sort min: 1.125GiB, qs min: 0.562GiB.
	Bucket 24 uniform sort. Ram: 7.732GiB, u_sort min: 1.125GiB, qs min: 0.562GiB.
	Bucket 25 uniform sort. Ram: 7.732GiB, u_sort min: 2.250GiB, qs min: 0.563GiB.
	Bucket 26 uniform sort. Ram: 7.732GiB, u_sort min: 2.250GiB, qs min: 0.563GiB.
	Bucket 27 uniform sort. Ram: 7.732GiB, u_sort min: 1.125GiB, qs min: 0.562GiB.
	Bucket 28 uniform sort. Ram: 7.732GiB, u_sort min: 2.250GiB, qs min: 0.563GiB.
	Bucket 29 uniform sort. Ram: 7.732GiB, u_sort min: 1.125GiB, qs min: 0.562GiB.
	Bucket 30 uniform sort. Ram: 7.732GiB, u_sort min: 1.125GiB, qs min: 0.562GiB.
	Bucket 31 uniform sort. Ram: 7.732GiB, u_sort min: 1.125GiB, qs min: 0.562GiB.
	Bucket 32 uniform sort. Ram: 7.732GiB, u_sort min: 2.250GiB, qs min: 0.563GiB.
	Bucket 33 uniform sort. Ram: 7.732GiB, u_sort min: 2.250GiB, qs min: 0.563GiB.
	Bucket 34 uniform sort. Ram: 7.732GiB, u_sort min: 2.250GiB, qs min: 0.563GiB.
	Bucket 35 uniform sort. Ram: 7.732GiB, u_sort min: 2.250GiB, qs min: 0.563GiB.
	Bucket 36 uniform sort. Ram: 7.732GiB, u_sort min: 2.250GiB, qs min: 0.563GiB.
	Bucket 37 uniform sort. Ram: 7.732GiB, u_sort min: 2.250GiB, qs min: 0.563GiB.
	Bucket 38 uniform sort. Ram: 7.732GiB, u_sort min: 1.125GiB, qs min: 0.562GiB.
	Bucket 39 uniform sort. Ram: 7.732GiB, u_sort min: 2.250GiB, qs min: 0.563GiB.
	Bucket 40 uniform sort. Ram: 7.732GiB, u_sort min: 1.125GiB, qs min: 0.562GiB.
	Bucket 41 uniform sort. Ram: 7.732GiB, u_sort min: 1.125GiB, qs min: 0.562GiB.
	Bucket 42 uniform sort. Ram: 7.732GiB, u_sort min: 1.125GiB, qs min: 0.562GiB.
	Bucket 43 uniform sort. Ram: 7.732GiB, u_sort min: 1.125GiB, qs min: 0.562GiB.
	Bucket 44 uniform sort. Ram: 7.732GiB, u_sort min: 2.250GiB, qs min: 0.563GiB.
	Bucket 45 uniform sort. Ram: 7.732GiB, u_sort min: 2.250GiB, qs min: 0.563GiB.
	Bucket 46 uniform sort. Ram: 7.732GiB, u_sort min: 2.250GiB, qs min: 0.563GiB.
	Bucket 47 uniform sort. Ram: 7.732GiB, u_sort min: 1.125GiB, qs min: 0.562GiB.
	Bucket 48 uniform sort. Ram: 7.732GiB, u_sort min: 2.250GiB, qs min: 0.563GiB.
	Bucket 49 uniform sort. Ram: 7.732GiB, u_sort min: 1.125GiB, qs min: 0.562GiB.
	Bucket 50 uniform sort. Ram: 7.732GiB, u_sort min: 2.250GiB, qs min: 0.563GiB.
	Bucket 51 uniform sort. Ram: 7.732GiB, u_sort min: 1.125GiB, qs min: 0.562GiB.
	Bucket 52 uniform sort. Ram: 7.732GiB, u_sort min: 1.125GiB, qs min: 0.562GiB.
	Bucket 53 uniform sort. Ram: 7.732GiB, u_sort min: 1.125GiB, qs min: 0.562GiB.
	Bucket 54 uniform sort. Ram: 7.732GiB, u_sort min: 2.250GiB, qs min: 0.563GiB.
	Bucket 55 uniform sort. Ram: 7.732GiB, u_sort min: 1.125GiB, qs min: 0.562GiB.
	Bucket 56 uniform sort. Ram: 7.732GiB, u_sort min: 2.250GiB, qs min: 0.563GiB.
	Bucket 57 uniform sort. Ram: 7.732GiB, u_sort min: 1.125GiB, qs min: 0.562GiB.
	Bucket 58 uniform sort. Ram: 7.732GiB, u_sort min: 1.125GiB, qs min: 0.562GiB.
	Bucket 59 uniform sort. Ram: 7.732GiB, u_sort min: 1.125GiB, qs min: 0.562GiB.
	Bucket 60 uniform sort. Ram: 7.732GiB, u_sort min: 2.250GiB, qs min: 0.563GiB.
	Bucket 61 uniform sort. Ram: 7.732GiB, u_sort min: 1.125GiB, qs min: 0.562GiB.
	Bucket 62 uniform sort. Ram: 7.732GiB, u_sort min: 2.250GiB, qs min: 0.563GiB.
	Bucket 63 uniform sort. Ram: 7.732GiB, u_sort min: 1.125GiB, qs min: 0.562GiB.
	Total matches: 4294923618
Forward propagation table time: 2568.211 seconds. CPU (113.810%) Thu May 13 00:44:36 2021
Computing table 3
	Bucket 0 uniform sort. Ram: 7.732GiB, u_sort min: 4.500GiB, qs min: 1.125GiB.
	Bucket 1 uniform sort. Ram: 7.732GiB, u_sort min: 2.250GiB, qs min: 1.125GiB.
	Bucket 2 uniform sort. Ram: 7.732GiB, u_sort min: 4.500GiB, qs min: 1.125GiB.
	Bucket 3 uniform sort. Ram: 7.732GiB, u_sort min: 4.500GiB, qs min: 1.125GiB.
	Bucket 4 uniform sort. Ram: 7.732GiB, u_sort min: 2.250GiB, qs min: 1.125GiB.
	Bucket 5 uniform sort. Ram: 7.732GiB, u_sort min: 2.250GiB, qs min: 1.125GiB.
	Bucket 6 uniform sort. Ram: 7.732GiB, u_sort min: 4.500GiB, qs min: 1.125GiB.
	Bucket 7 uniform sort. Ram: 7.732GiB, u_sort min: 2.250GiB, qs min: 1.125GiB.
	Bucket 8 uniform sort. Ram: 7.732GiB, u_sort min: 4.500GiB, qs min: 1.125GiB.
	Bucket 9 uniform sort. Ram: 7.732GiB, u_sort min: 2.250GiB, qs min: 1.125GiB.
	Bucket 10 uniform sort. Ram: 7.732GiB, u_sort min: 2.250GiB, qs min: 1.125GiB.
	Bucket 11 uniform sort. Ram: 7.732GiB, u_sort min: 2.250GiB, qs min: 1.125GiB.
	Bucket 12 uniform sort. Ram: 7.732GiB, u_sort min: 2.250GiB, qs min: 1.125GiB.
	Bucket 13 uniform sort. Ram: 7.732GiB, u_sort min: 4.500GiB, qs min: 1.125GiB.
	Bucket 14 uniform sort. Ram: 7.732GiB, u_sort min: 4.500GiB, qs min: 1.125GiB.
	Bucket 15 uniform sort. Ram: 7.732GiB, u_sort min: 4.500GiB, qs min: 1.125GiB.
	Bucket 16 uniform sort. Ram: 7.732GiB, u_sort min: 2.250GiB, qs min: 1.125GiB.
	Bucket 17 uniform sort. Ram: 7.732GiB, u_sort min: 4.500GiB, qs min: 1.125GiB.
	Bucket 18 uniform sort. Ram: 7.732GiB, u_sort min: 4.500GiB, qs min: 1.125GiB.
	Bucket 19 uniform sort. Ram: 7.732GiB, u_sort min: 2.250GiB, qs min: 1.125GiB.
	Bucket 20 uniform sort. Ram: 7.732GiB, u_sort min: 2.250GiB, qs min: 1.125GiB.
	Bucket 21 uniform sort. Ram: 7.732GiB, u_sort min: 2.250GiB, qs min: 1.125GiB.
	Bucket 22 uniform sort. Ram: 7.732GiB, u_sort min: 4.500GiB, qs min: 1.125GiB.
	Bucket 23 uniform sort. Ram: 7.732GiB, u_sort min: 2.250GiB, qs min: 1.125GiB.
	Bucket 24 uniform sort. Ram: 7.732GiB, u_sort min: 4.500GiB, qs min: 1.125GiB.
	Bucket 25 uniform sort. Ram: 7.732GiB, u_sort min: 4.500GiB, qs min: 1.125GiB.
	Bucket 26 uniform sort. Ram: 7.732GiB, u_sort min: 2.250GiB, qs min: 1.125GiB.
	Bucket 27 uniform sort. Ram: 7.732GiB, u_sort min: 4.500GiB, qs min: 1.125GiB.
	Bucket 28 uniform sort. Ram: 7.732GiB, u_sort min: 4.500GiB, qs min: 1.125GiB.
	Bucket 29 uniform sort. Ram: 7.732GiB, u_sort min: 2.250GiB, qs min: 1.125GiB.
	Bucket 30 uniform sort. Ram: 7.732GiB, u_sort min: 2.250GiB, qs min: 1.125GiB.
	Bucket 31 uniform sort. Ram: 7.732GiB, u_sort min: 2.250GiB, qs min: 1.125GiB.
	Bucket 32 uniform sort. Ram: 7.732GiB, u_sort min: 2.250GiB, qs min: 1.125GiB.
	Bucket 33 uniform sort. Ram: 7.732GiB, u_sort min: 4.500GiB, qs min: 1.125GiB.
	Bucket 34 uniform sort. Ram: 7.732GiB, u_sort min: 2.250GiB, qs min: 1.125GiB.
	Bucket 35 uniform sort. Ram: 7.732GiB, u_sort min: 2.250GiB, qs min: 1.125GiB.
	Bucket 36 uniform sort. Ram: 7.732GiB, u_sort min: 4.500GiB, qs min: 1.125GiB.
	Bucket 37 uniform sort. Ram: 7.732GiB, u_sort min: 2.250GiB, qs min: 1.125GiB.
	Bucket 38 uniform sort. Ram: 7.732GiB, u_sort min: 2.250GiB, qs min: 1.125GiB.
	Bucket 39 uniform sort. Ram: 7.732GiB, u_sort min: 2.250GiB, qs min: 1.125GiB.
	Bucket 40 uniform sort. Ram: 7.732GiB, u_sort min: 2.250GiB, qs min: 1.125GiB.
	Bucket 41 uniform sort. Ram: 7.732GiB, u_sort min: 2.250GiB, qs min: 1.125GiB.
	Bucket 42 uniform sort. Ram: 7.732GiB, u_sort min: 4.500GiB, qs min: 1.125GiB.
	Bucket 43 uniform sort. Ram: 7.732GiB, u_sort min: 4.500GiB, qs min: 1.125GiB.
	Bucket 44 uniform sort. Ram: 7.732GiB, u_sort min: 4.500GiB, qs min: 1.125GiB.
	Bucket 45 uniform sort. Ram: 7.732GiB, u_sort min: 4.500GiB, qs min: 1.125GiB.
	Bucket 46 uniform sort. Ram: 7.732GiB, u_sort min: 4.500GiB, qs min: 1.125GiB.
	Bucket 47 uniform sort. Ram: 7.732GiB, u_sort min: 2.250GiB, qs min: 1.125GiB.
	Bucket 48 uniform sort. Ram: 7.732GiB, u_sort min: 4.500GiB, qs min: 1.125GiB.
	Bucket 49 uniform sort. Ram: 7.732GiB, u_sort min: 4.500GiB, qs min: 1.125GiB.
	Bucket 50 uniform sort. Ram: 7.732GiB, u_sort min: 2.250GiB, qs min: 1.125GiB.
	Bucket 51 uniform sort. Ram: 7.732GiB, u_sort min: 4.500GiB, qs min: 1.125GiB.
	Bucket 52 uniform sort. Ram: 7.732GiB, u_sort min: 2.250GiB, qs min: 1.125GiB.
	Bucket 53 uniform sort. Ram: 7.732GiB, u_sort min: 2.250GiB, qs min: 1.125GiB.
	Bucket 54 uniform sort. Ram: 7.732GiB, u_sort min: 4.500GiB, qs min: 1.125GiB.
	Bucket 55 uniform sort. Ram: 7.732GiB, u_sort min: 4.500GiB, qs min: 1.125GiB.
	Bucket 56 uniform sort. Ram: 7.732GiB, u_sort min: 4.500GiB, qs min: 1.125GiB.
	Bucket 57 uniform sort. Ram: 7.732GiB, u_sort min: 2.250GiB, qs min: 1.125GiB.
	Bucket 58 uniform sort. Ram: 7.732GiB, u_sort min: 2.250GiB, qs min: 1.125GiB.
	Bucket 59 uniform sort. Ram: 7.732GiB, u_sort min: 2.250GiB, qs min: 1.125GiB.
	Bucket 60 uniform sort. Ram: 7.732GiB, u_sort min: 4.500GiB, qs min: 1.125GiB.
	Bucket 61 uniform sort. Ram: 7.732GiB, u_sort min: 4.500GiB, qs min: 1.125GiB.
	Bucket 62 uniform sort. Ram: 7.732GiB, u_sort min: 2.250GiB, qs min: 1.125GiB.
	Bucket 63 uniform sort. Ram: 7.732GiB, u_sort min: 2.250GiB, qs min: 1.125GiB.
	Total matches: 4294905832
Forward propagation table time: 3616.020 seconds. CPU (87.440%) Thu May 13 01:44:52 2021
Computing table 4
	Bucket 0 uniform sort. Ram: 7.732GiB, u_sort min: 6.500GiB, qs min: 1.625GiB.
	Bucket 1 uniform sort. Ram: 7.732GiB, u_sort min: 3.250GiB, qs min: 1.625GiB.
	Bucket 2 uniform sort. Ram: 7.732GiB, u_sort min: 6.500GiB, qs min: 1.625GiB.
	Bucket 3 uniform sort. Ram: 7.732GiB, u_sort min: 6.500GiB, qs min: 1.625GiB.
	Bucket 4 uniform sort. Ram: 7.732GiB, u_sort min: 6.500GiB, qs min: 1.625GiB.
	Bucket 5 uniform sort. Ram: 7.732GiB, u_sort min: 3.250GiB, qs min: 1.625GiB.
	Bucket 6 uniform sort. Ram: 7.732GiB, u_sort min: 3.250GiB, qs min: 1.625GiB.
	Bucket 7 uniform sort. Ram: 7.732GiB, u_sort min: 6.500GiB, qs min: 1.625GiB.
	Bucket 8 uniform sort. Ram: 7.732GiB, u_sort min: 6.500GiB, qs min: 1.625GiB.
	Bucket 9 uniform sort. Ram: 7.732GiB, u_sort min: 6.500GiB, qs min: 1.625GiB.
	Bucket 10 uniform sort. Ram: 7.732GiB, u_sort min: 3.250GiB, qs min: 1.625GiB.
	Bucket 11 uniform sort. Ram: 7.732GiB, u_sort min: 3.250GiB, qs min: 1.625GiB.
	Bucket 12 uniform sort. Ram: 7.732GiB, u_sort min: 6.500GiB, qs min: 1.625GiB.
	Bucket 13 uniform sort. Ram: 7.732GiB, u_sort min: 6.500GiB, qs min: 1.625GiB.
	Bucket 14 uniform sort. Ram: 7.732GiB, u_sort min: 3.250GiB, qs min: 1.625GiB.
	Bucket 15 uniform sort. Ram: 7.732GiB, u_sort min: 3.250GiB, qs min: 1.625GiB.
	Bucket 16 uniform sort. Ram: 7.732GiB, u_sort min: 3.250GiB, qs min: 1.625GiB.
	Bucket 17 uniform sort. Ram: 7.732GiB, u_sort min: 3.250GiB, qs min: 1.625GiB.
	Bucket 18 uniform sort. Ram: 7.732GiB, u_sort min: 6.500GiB, qs min: 1.625GiB.
	Bucket 19 uniform sort. Ram: 7.732GiB, u_sort min: 3.250GiB, qs min: 1.625GiB.
	Bucket 20 uniform sort. Ram: 7.732GiB, u_sort min: 3.250GiB, qs min: 1.625GiB.
	Bucket 21 uniform sort. Ram: 7.732GiB, u_sort min: 3.250GiB, qs min: 1.625GiB.
	Bucket 22 uniform sort. Ram: 7.732GiB, u_sort min: 3.250GiB, qs min: 1.625GiB.
	Bucket 23 uniform sort. Ram: 7.732GiB, u_sort min: 3.250GiB, qs min: 1.625GiB.
	Bucket 24 uniform sort. Ram: 7.732GiB, u_sort min: 3.250GiB, qs min: 1.625GiB.
	Bucket 25 uniform sort. Ram: 7.732GiB, u_sort min: 3.250GiB, qs min: 1.625GiB.
	Bucket 26 uniform sort. Ram: 7.732GiB, u_sort min: 6.500GiB, qs min: 1.625GiB.
	Bucket 27 uniform sort. Ram: 7.732GiB, u_sort min: 6.500GiB, qs min: 1.625GiB.
	Bucket 28 uniform sort. Ram: 7.732GiB, u_sort min: 6.500GiB, qs min: 1.625GiB.
	Bucket 29 uniform sort. Ram: 7.732GiB, u_sort min: 3.250GiB, qs min: 1.625GiB.
	Bucket 30 uniform sort. Ram: 7.732GiB, u_sort min: 3.250GiB, qs min: 1.625GiB.
	Bucket 31 uniform sort. Ram: 7.732GiB, u_sort min: 3.250GiB, qs min: 1.625GiB.
	Bucket 32 uniform sort. Ram: 7.732GiB, u_sort min: 3.250GiB, qs min: 1.625GiB.
	Bucket 33 uniform sort. Ram: 7.732GiB, u_sort min: 3.250GiB, qs min: 1.625GiB.
	Bucket 34 uniform sort. Ram: 7.732GiB, u_sort min: 6.500GiB, qs min: 1.625GiB.
	Bucket 35 uniform sort. Ram: 7.732GiB, u_sort min: 6.500GiB, qs min: 1.625GiB.
	Bucket 36 uniform sort. Ram: 7.732GiB, u_sort min: 3.250GiB, qs min: 1.625GiB.
	Bucket 37 uniform sort. Ram: 7.732GiB, u_sort min: 3.250GiB, qs min: 1.625GiB.
	Bucket 38 uniform sort. Ram: 7.732GiB, u_sort min: 3.250GiB, qs min: 1.625GiB.
	Bucket 39 uniform sort. Ram: 7.732GiB, u_sort min: 3.250GiB, qs min: 1.625GiB.
	Bucket 40 uniform sort. Ram: 7.732GiB, u_sort min: 3.250GiB, qs min: 1.625GiB.
	Bucket 41 uniform sort. Ram: 7.732GiB, u_sort min: 3.250GiB, qs min: 1.625GiB.
	Bucket 42 uniform sort. Ram: 7.732GiB, u_sort min: 6.500GiB, qs min: 1.625GiB.
	Bucket 43 uniform sort. Ram: 7.732GiB, u_sort min: 3.250GiB, qs min: 1.625GiB.
	Bucket 44 uniform sort. Ram: 7.732GiB, u_sort min: 3.250GiB, qs min: 1.625GiB.
	Bucket 45 uniform sort. Ram: 7.732GiB, u_sort min: 3.250GiB, qs min: 1.625GiB.
	Bucket 46 uniform sort. Ram: 7.732GiB, u_sort min: 6.500GiB, qs min: 1.625GiB.
	Bucket 47 uniform sort. Ram: 7.732GiB, u_sort min: 3.250GiB, qs min: 1.625GiB.
	Bucket 48 uniform sort. Ram: 7.732GiB, u_sort min: 6.500GiB, qs min: 1.625GiB.
	Bucket 49 uniform sort. Ram: 7.732GiB, u_sort min: 3.250GiB, qs min: 1.625GiB.
	Bucket 50 uniform sort. Ram: 7.732GiB, u_sort min: 3.250GiB, qs min: 1.625GiB.
	Bucket 51 uniform sort. Ram: 7.732GiB, u_sort min: 6.500GiB, qs min: 1.625GiB.
	Bucket 52 uniform sort. Ram: 7.732GiB, u_sort min: 3.250GiB, qs min: 1.625GiB.
	Bucket 53 uniform sort. Ram: 7.732GiB, u_sort min: 6.500GiB, qs min: 1.625GiB.
	Bucket 54 uniform sort. Ram: 7.732GiB, u_sort min: 3.250GiB, qs min: 1.625GiB.
	Bucket 55 uniform sort. Ram: 7.732GiB, u_sort min: 6.500GiB, qs min: 1.625GiB.
	Bucket 56 uniform sort. Ram: 7.732GiB, u_sort min: 6.500GiB, qs min: 1.625GiB.
	Bucket 57 uniform sort. Ram: 7.732GiB, u_sort min: 3.250GiB, qs min: 1.625GiB.
	Bucket 58 uniform sort. Ram: 7.732GiB, u_sort min: 6.500GiB, qs min: 1.625GiB.
	Bucket 59 uniform sort. Ram: 7.732GiB, u_sort min: 6.500GiB, qs min: 1.625GiB.
	Bucket 60 uniform sort. Ram: 7.732GiB, u_sort min: 3.250GiB, qs min: 1.625GiB.
	Bucket 61 uniform sort. Ram: 7.732GiB, u_sort min: 3.250GiB, qs min: 1.625GiB.
	Bucket 62 uniform sort. Ram: 7.732GiB, u_sort min: 6.500GiB, qs min: 1.625GiB.
	Bucket 63 uniform sort. Ram: 7.732GiB, u_sort min: 6.500GiB, qs min: 1.625GiB.
	Total matches: 4294944688
Forward propagation table time: 5024.895 seconds. CPU (76.240%) Thu May 13 03:08:37 2021
Computing table 5
	Bucket 0 uniform sort. Ram: 7.732GiB, u_sort min: 6.500GiB, qs min: 1.625GiB.
	Bucket 1 uniform sort. Ram: 7.732GiB, u_sort min: 6.500GiB, qs min: 1.625GiB.
	Bucket 2 uniform sort. Ram: 7.732GiB, u_sort min: 3.250GiB, qs min: 1.625GiB.
	Bucket 3 uniform sort. Ram: 7.732GiB, u_sort min: 6.500GiB, qs min: 1.625GiB.
	Bucket 4 uniform sort. Ram: 7.732GiB, u_sort min: 3.250GiB, qs min: 1.625GiB.
	Bucket 5 uniform sort. Ram: 7.732GiB, u_sort min: 6.500GiB, qs min: 1.625GiB.
	Bucket 6 uniform sort. Ram: 7.732GiB, u_sort min: 3.250GiB, qs min: 1.625GiB.
	Bucket 7 uniform sort. Ram: 7.732GiB, u_sort min: 3.250GiB, qs min: 1.625GiB.
	Bucket 8 uniform sort. Ram: 7.732GiB, u_sort min: 6.500GiB, qs min: 1.625GiB.
	Bucket 9 uniform sort. Ram: 7.732GiB, u_sort min: 3.250GiB, qs min: 1.625GiB.
	Bucket 10 uniform sort. Ram: 7.732GiB, u_sort min: 3.250GiB, qs min: 1.625GiB.
	Bucket 11 uniform sort. Ram: 7.732GiB, u_sort min: 3.250GiB, qs min: 1.625GiB.
	Bucket 12 uniform sort. Ram: 7.732GiB, u_sort min: 3.250GiB, qs min: 1.625GiB.
	Bucket 13 uniform sort. Ram: 7.732GiB, u_sort min: 3.250GiB, qs min: 1.625GiB.
	Bucket 14 uniform sort. Ram: 7.732GiB, u_sort min: 6.500GiB, qs min: 1.625GiB.
	Bucket 15 uniform sort. Ram: 7.732GiB, u_sort min: 3.250GiB, qs min: 1.625GiB.
	Bucket 16 uniform sort. Ram: 7.732GiB, u_sort min: 3.250GiB, qs min: 1.625GiB.
	Bucket 17 uniform sort. Ram: 7.732GiB, u_sort min: 6.500GiB, qs min: 1.625GiB.
	Bucket 18 uniform sort. Ram: 7.732GiB, u_sort min: 3.250GiB, qs min: 1.625GiB.
	Bucket 19 uniform sort. Ram: 7.732GiB, u_sort min: 6.500GiB, qs min: 1.625GiB.
	Bucket 20 uniform sort. Ram: 7.732GiB, u_sort min: 3.250GiB, qs min: 1.625GiB.
	Bucket 21 uniform sort. Ram: 7.732GiB, u_sort min: 6.500GiB, qs min: 1.625GiB.
	Bucket 22 uniform sort. Ram: 7.732GiB, u_sort min: 3.250GiB, qs min: 1.625GiB.
	Bucket 23 uniform sort. Ram: 7.732GiB, u_sort min: 6.500GiB, qs min: 1.625GiB.
	Bucket 24 uniform sort. Ram: 7.732GiB, u_sort min: 3.250GiB, qs min: 1.625GiB.
	Bucket 25 uniform sort. Ram: 7.732GiB, u_sort min: 3.250GiB, qs min: 1.625GiB.
	Bucket 26 uniform sort. Ram: 7.732GiB, u_sort min: 6.500GiB, qs min: 1.625GiB.
	Bucket 27 uniform sort. Ram: 7.732GiB, u_sort min: 3.250GiB, qs min: 1.625GiB.
	Bucket 28 uniform sort. Ram: 7.732GiB, u_sort min: 6.500GiB, qs min: 1.625GiB.
	Bucket 29 uniform sort. Ram: 7.732GiB, u_sort min: 3.250GiB, qs min: 1.625GiB.
	Bucket 30 uniform sort. Ram: 7.732GiB, u_sort min: 6.500GiB, qs min: 1.626GiB.
	Bucket 31 uniform sort. Ram: 7.732GiB, u_sort min: 3.250GiB, qs min: 1.625GiB.
	Bucket 32 uniform sort. Ram: 7.732GiB, u_sort min: 6.500GiB, qs min: 1.625GiB.
	Bucket 33 uniform sort. Ram: 7.732GiB, u_sort min: 6.500GiB, qs min: 1.625GiB.
	Bucket 34 uniform sort. Ram: 7.732GiB, u_sort min: 6.500GiB, qs min: 1.625GiB.
	Bucket 35 uniform sort. Ram: 7.732GiB, u_sort min: 3.250GiB, qs min: 1.625GiB.
	Bucket 36 uniform sort. Ram: 7.732GiB, u_sort min: 3.250GiB, qs min: 1.625GiB.
	Bucket 37 uniform sort. Ram: 7.732GiB, u_sort min: 6.500GiB, qs min: 1.625GiB.
	Bucket 38 uniform sort. Ram: 7.732GiB, u_sort min: 3.250GiB, qs min: 1.625GiB.
	Bucket 39 uniform sort. Ram: 7.732GiB, u_sort min: 6.500GiB, qs min: 1.625GiB.
	Bucket 40 uniform sort. Ram: 7.732GiB, u_sort min: 3.250GiB, qs min: 1.625GiB.
	Bucket 41 uniform sort. Ram: 7.732GiB, u_sort min: 6.500GiB, qs min: 1.625GiB.
	Bucket 42 uniform sort. Ram: 7.732GiB, u_sort min: 6.500GiB, qs min: 1.625GiB.
	Bucket 43 uniform sort. Ram: 7.732GiB, u_sort min: 6.500GiB, qs min: 1.625GiB.
	Bucket 44 uniform sort. Ram: 7.732GiB, u_sort min: 3.250GiB, qs min: 1.625GiB.
	Bucket 45 uniform sort. Ram: 7.732GiB, u_sort min: 6.500GiB, qs min: 1.625GiB.
	Bucket 46 uniform sort. Ram: 7.732GiB, u_sort min: 6.500GiB, qs min: 1.625GiB.
	Bucket 47 uniform sort. Ram: 7.732GiB, u_sort min: 3.250GiB, qs min: 1.625GiB.
	Bucket 48 uniform sort. Ram: 7.732GiB, u_sort min: 3.250GiB, qs min: 1.625GiB.
	Bucket 49 uniform sort. Ram: 7.732GiB, u_sort min: 6.500GiB, qs min: 1.625GiB.
	Bucket 50 uniform sort. Ram: 7.732GiB, u_sort min: 6.500GiB, qs min: 1.625GiB.
	Bucket 51 uniform sort. Ram: 7.732GiB, u_sort min: 6.500GiB, qs min: 1.625GiB.
	Bucket 52 uniform sort. Ram: 7.732GiB, u_sort min: 6.500GiB, qs min: 1.625GiB.
	Bucket 53 uniform sort. Ram: 7.732GiB, u_sort min: 6.500GiB, qs min: 1.625GiB.
	Bucket 54 uniform sort. Ram: 7.732GiB, u_sort min: 3.250GiB, qs min: 1.625GiB.
	Bucket 55 uniform sort. Ram: 7.732GiB, u_sort min: 3.250GiB, qs min: 1.625GiB.
	Bucket 56 uniform sort. Ram: 7.732GiB, u_sort min: 3.250GiB, qs min: 1.625GiB.
	Bucket 57 uniform sort. Ram: 7.732GiB, u_sort min: 3.250GiB, qs min: 1.625GiB.
	Bucket 58 uniform sort. Ram: 7.732GiB, u_sort min: 6.500GiB, qs min: 1.625GiB.
	Bucket 59 uniform sort. Ram: 7.732GiB, u_sort min: 6.500GiB, qs min: 1.625GiB.
	Bucket 60 uniform sort. Ram: 7.732GiB, u_sort min: 6.500GiB, qs min: 1.625GiB.
	Bucket 61 uniform sort. Ram: 7.732GiB, u_sort min: 6.500GiB, qs min: 1.625GiB.
	Bucket 62 uniform sort. Ram: 7.732GiB, u_sort min: 6.500GiB, qs min: 1.625GiB.
	Bucket 63 uniform sort. Ram: 7.732GiB, u_sort min: 6.500GiB, qs min: 1.625GiB.
	Total matches: 4294862903
Forward propagation table time: 4582.787 seconds. CPU (81.700%) Thu May 13 04:25:00 2021
Computing table 6
	Bucket 0 uniform sort. Ram: 7.732GiB, u_sort min: 5.500GiB, qs min: 1.375GiB.
	Bucket 1 uniform sort. Ram: 7.732GiB, u_sort min: 2.750GiB, qs min: 1.375GiB.
	Bucket 2 uniform sort. Ram: 7.732GiB, u_sort min: 2.750GiB, qs min: 1.375GiB.
	Bucket 3 uniform sort. Ram: 7.732GiB, u_sort min: 2.750GiB, qs min: 1.375GiB.
	Bucket 4 uniform sort. Ram: 7.732GiB, u_sort min: 5.500GiB, qs min: 1.375GiB.
	Bucket 5 uniform sort. Ram: 7.732GiB, u_sort min: 5.500GiB, qs min: 1.375GiB.
	Bucket 6 uniform sort. Ram: 7.732GiB, u_sort min: 5.500GiB, qs min: 1.375GiB.
	Bucket 7 uniform sort. Ram: 7.732GiB, u_sort min: 5.500GiB, qs min: 1.375GiB.
	Bucket 8 uniform sort. Ram: 7.732GiB, u_sort min: 2.750GiB, qs min: 1.375GiB.
	Bucket 9 uniform sort. Ram: 7.732GiB, u_sort min: 2.750GiB, qs min: 1.375GiB.
	Bucket 10 uniform sort. Ram: 7.732GiB, u_sort min: 5.500GiB, qs min: 1.375GiB.
	Bucket 11 uniform sort. Ram: 7.732GiB, u_sort min: 2.750GiB, qs min: 1.375GiB.
	Bucket 12 uniform sort. Ram: 7.732GiB, u_sort min: 5.500GiB, qs min: 1.375GiB.
	Bucket 13 uniform sort. Ram: 7.732GiB, u_sort min: 2.750GiB, qs min: 1.375GiB.
	Bucket 14 uniform sort. Ram: 7.732GiB, u_sort min: 2.750GiB, qs min: 1.375GiB.
	Bucket 15 uniform sort. Ram: 7.732GiB, u_sort min: 2.750GiB, qs min: 1.375GiB.
	Bucket 16 uniform sort. Ram: 7.732GiB, u_sort min: 2.750GiB, qs min: 1.375GiB.
	Bucket 17 uniform sort. Ram: 7.732GiB, u_sort min: 5.500GiB, qs min: 1.375GiB.
	Bucket 18 uniform sort. Ram: 7.732GiB, u_sort min: 2.750GiB, qs min: 1.375GiB.
	Bucket 19 uniform sort. Ram: 7.732GiB, u_sort min: 2.750GiB, qs min: 1.375GiB.
	Bucket 20 uniform sort. Ram: 7.732GiB, u_sort min: 5.500GiB, qs min: 1.375GiB.
	Bucket 21 uniform sort. Ram: 7.732GiB, u_sort min: 5.500GiB, qs min: 1.375GiB.
	Bucket 22 uniform sort. Ram: 7.732GiB, u_sort min: 5.500GiB, qs min: 1.375GiB.
	Bucket 23 uniform sort. Ram: 7.732GiB, u_sort min: 5.500GiB, qs min: 1.375GiB.
	Bucket 24 uniform sort. Ram: 7.732GiB, u_sort min: 2.750GiB, qs min: 1.375GiB.
	Bucket 25 uniform sort. Ram: 7.732GiB, u_sort min: 5.500GiB, qs min: 1.375GiB.
	Bucket 26 uniform sort. Ram: 7.732GiB, u_sort min: 2.750GiB, qs min: 1.375GiB.
	Bucket 27 uniform sort. Ram: 7.732GiB, u_sort min: 2.750GiB, qs min: 1.375GiB.
	Bucket 28 uniform sort. Ram: 7.732GiB, u_sort min: 2.750GiB, qs min: 1.375GiB.
	Bucket 29 uniform sort. Ram: 7.732GiB, u_sort min: 5.500GiB, qs min: 1.375GiB.
	Bucket 30 uniform sort. Ram: 7.732GiB, u_sort min: 2.750GiB, qs min: 1.375GiB.
	Bucket 31 uniform sort. Ram: 7.732GiB, u_sort min: 5.500GiB, qs min: 1.375GiB.
	Bucket 32 uniform sort. Ram: 7.732GiB, u_sort min: 5.500GiB, qs min: 1.375GiB.
	Bucket 33 uniform sort. Ram: 7.732GiB, u_sort min: 2.750GiB, qs min: 1.375GiB.
	Bucket 34 uniform sort. Ram: 7.732GiB, u_sort min: 2.750GiB, qs min: 1.375GiB.
	Bucket 35 uniform sort. Ram: 7.732GiB, u_sort min: 2.750GiB, qs min: 1.375GiB.
	Bucket 36 uniform sort. Ram: 7.732GiB, u_sort min: 2.750GiB, qs min: 1.375GiB.
	Bucket 37 uniform sort. Ram: 7.732GiB, u_sort min: 5.500GiB, qs min: 1.375GiB.
	Bucket 38 uniform sort. Ram: 7.732GiB, u_sort min: 5.500GiB, qs min: 1.375GiB.
	Bucket 39 uniform sort. Ram: 7.732GiB, u_sort min: 5.500GiB, qs min: 1.375GiB.
	Bucket 40 uniform sort. Ram: 7.732GiB, u_sort min: 5.500GiB, qs min: 1.375GiB.
	Bucket 41 uniform sort. Ram: 7.732GiB, u_sort min: 5.500GiB, qs min: 1.375GiB.
	Bucket 42 uniform sort. Ram: 7.732GiB, u_sort min: 2.750GiB, qs min: 1.375GiB.
	Bucket 43 uniform sort. Ram: 7.732GiB, u_sort min: 5.500GiB, qs min: 1.375GiB.
	Bucket 44 uniform sort. Ram: 7.732GiB, u_sort min: 5.500GiB, qs min: 1.375GiB.
	Bucket 45 uniform sort. Ram: 7.732GiB, u_sort min: 5.500GiB, qs min: 1.375GiB.
	Bucket 46 uniform sort. Ram: 7.732GiB, u_sort min: 2.750GiB, qs min: 1.375GiB.
	Bucket 47 uniform sort. Ram: 7.732GiB, u_sort min: 5.500GiB, qs min: 1.375GiB.
	Bucket 48 uniform sort. Ram: 7.732GiB, u_sort min: 2.750GiB, qs min: 1.375GiB.
	Bucket 49 uniform sort. Ram: 7.732GiB, u_sort min: 2.750GiB, qs min: 1.375GiB.
	Bucket 50 uniform sort. Ram: 7.732GiB, u_sort min: 2.750GiB, qs min: 1.375GiB.
	Bucket 51 uniform sort. Ram: 7.732GiB, u_sort min: 2.750GiB, qs min: 1.375GiB.
	Bucket 52 uniform sort. Ram: 7.732GiB, u_sort min: 5.500GiB, qs min: 1.375GiB.
	Bucket 53 uniform sort. Ram: 7.732GiB, u_sort min: 5.500GiB, qs min: 1.375GiB.
	Bucket 54 uniform sort. Ram: 7.732GiB, u_sort min: 2.750GiB, qs min: 1.375GiB.
	Bucket 55 uniform sort. Ram: 7.732GiB, u_sort min: 5.500GiB, qs min: 1.375GiB.
	Bucket 56 uniform sort. Ram: 7.732GiB, u_sort min: 5.500GiB, qs min: 1.375GiB.
	Bucket 57 uniform sort. Ram: 7.732GiB, u_sort min: 2.750GiB, qs min: 1.375GiB.
	Bucket 58 uniform sort. Ram: 7.732GiB, u_sort min: 2.750GiB, qs min: 1.375GiB.
	Bucket 59 uniform sort. Ram: 7.732GiB, u_sort min: 2.750GiB, qs min: 1.375GiB.
	Bucket 60 uniform sort. Ram: 7.732GiB, u_sort min: 2.750GiB, qs min: 1.375GiB.
	Bucket 61 uniform sort. Ram: 7.732GiB, u_sort min: 2.750GiB, qs min: 1.375GiB.
	Bucket 62 uniform sort. Ram: 7.732GiB, u_sort min: 2.750GiB, qs min: 1.375GiB.
	Bucket 63 uniform sort. Ram: 7.732GiB, u_sort min: 5.500GiB, qs min: 1.375GiB.
	Total matches: 4294644803
Forward propagation table time: 3567.575 seconds. CPU (92.330%) Thu May 13 05:24:27 2021
Computing table 7
	Bucket 0 uniform sort. Ram: 7.732GiB, u_sort min: 2.250GiB, qs min: 1.125GiB.
	Bucket 1 uniform sort. Ram: 7.732GiB, u_sort min: 4.500GiB, qs min: 1.125GiB.
	Bucket 2 uniform sort. Ram: 7.732GiB, u_sort min: 2.250GiB, qs min: 1.125GiB.
	Bucket 3 uniform sort. Ram: 7.732GiB, u_sort min: 2.250GiB, qs min: 1.125GiB.
	Bucket 4 uniform sort. Ram: 7.732GiB, u_sort min: 4.500GiB, qs min: 1.125GiB.
	Bucket 5 uniform sort. Ram: 7.732GiB, u_sort min: 2.250GiB, qs min: 1.125GiB.
	Bucket 6 uniform sort. Ram: 7.732GiB, u_sort min: 4.500GiB, qs min: 1.125GiB.
	Bucket 7 uniform sort. Ram: 7.732GiB, u_sort min: 4.500GiB, qs min: 1.125GiB.
	Bucket 8 uniform sort. Ram: 7.732GiB, u_sort min: 2.250GiB, qs min: 1.125GiB.
	Bucket 9 uniform sort. Ram: 7.732GiB, u_sort min: 2.250GiB, qs min: 1.125GiB.
	Bucket 10 uniform sort. Ram: 7.732GiB, u_sort min: 2.250GiB, qs min: 1.125GiB.
	Bucket 11 uniform sort. Ram: 7.732GiB, u_sort min: 2.250GiB, qs min: 1.125GiB.
	Bucket 12 uniform sort. Ram: 7.732GiB, u_sort min: 4.500GiB, qs min: 1.125GiB.
	Bucket 13 uniform sort. Ram: 7.732GiB, u_sort min: 2.250GiB, qs min: 1.125GiB.
	Bucket 14 uniform sort. Ram: 7.732GiB, u_sort min: 2.250GiB, qs min: 1.125GiB.
	Bucket 15 uniform sort. Ram: 7.732GiB, u_sort min: 2.250GiB, qs min: 1.125GiB.
	Bucket 16 uniform sort. Ram: 7.732GiB, u_sort min: 2.250GiB, qs min: 1.125GiB.
	Bucket 17 uniform sort. Ram: 7.732GiB, u_sort min: 2.250GiB, qs min: 1.125GiB.
	Bucket 18 uniform sort. Ram: 7.732GiB, u_sort min: 2.250GiB, qs min: 1.125GiB.
	Bucket 19 uniform sort. Ram: 7.732GiB, u_sort min: 2.250GiB, qs min: 1.125GiB.
	Bucket 20 uniform sort. Ram: 7.732GiB, u_sort min: 4.500GiB, qs min: 1.125GiB.
	Bucket 21 uniform sort. Ram: 7.732GiB, u_sort min: 4.500GiB, qs min: 1.125GiB.
	Bucket 22 uniform sort. Ram: 7.732GiB, u_sort min: 2.250GiB, qs min: 1.125GiB.
	Bucket 23 uniform sort. Ram: 7.732GiB, u_sort min: 2.250GiB, qs min: 1.125GiB.
	Bucket 24 uniform sort. Ram: 7.732GiB, u_sort min: 2.250GiB, qs min: 1.125GiB.
	Bucket 25 uniform sort. Ram: 7.732GiB, u_sort min: 2.250GiB, qs min: 1.125GiB.
	Bucket 26 uniform sort. Ram: 7.732GiB, u_sort min: 2.250GiB, qs min: 1.125GiB.
	Bucket 27 uniform sort. Ram: 7.732GiB, u_sort min: 2.250GiB, qs min: 1.125GiB.
	Bucket 28 uniform sort. Ram: 7.732GiB, u_sort min: 2.250GiB, qs min: 1.125GiB.
	Bucket 29 uniform sort. Ram: 7.732GiB, u_sort min: 2.250GiB, qs min: 1.125GiB.
	Bucket 30 uniform sort. Ram: 7.732GiB, u_sort min: 2.250GiB, qs min: 1.125GiB.
	Bucket 31 uniform sort. Ram: 7.732GiB, u_sort min: 2.250GiB, qs min: 1.125GiB.
	Bucket 32 uniform sort. Ram: 7.732GiB, u_sort min: 2.250GiB, qs min: 1.125GiB.
	Bucket 33 uniform sort. Ram: 7.732GiB, u_sort min: 4.500GiB, qs min: 1.125GiB.
	Bucket 34 uniform sort. Ram: 7.732GiB, u_sort min: 2.250GiB, qs min: 1.125GiB.
	Bucket 35 uniform sort. Ram: 7.732GiB, u_sort min: 2.250GiB, qs min: 1.125GiB.
	Bucket 36 uniform sort. Ram: 7.732GiB, u_sort min: 2.250GiB, qs min: 1.125GiB.
	Bucket 37 uniform sort. Ram: 7.732GiB, u_sort min: 4.500GiB, qs min: 1.125GiB.
	Bucket 38 uniform sort. Ram: 7.732GiB, u_sort min: 4.500GiB, qs min: 1.125GiB.
	Bucket 39 uniform sort. Ram: 7.732GiB, u_sort min: 2.250GiB, qs min: 1.125GiB.
	Bucket 40 uniform sort. Ram: 7.732GiB, u_sort min: 2.250GiB, qs min: 1.125GiB.
	Bucket 41 uniform sort. Ram: 7.732GiB, u_sort min: 2.250GiB, qs min: 1.125GiB.
	Bucket 42 uniform sort. Ram: 7.732GiB, u_sort min: 4.500GiB, qs min: 1.125GiB.
	Bucket 43 uniform sort. Ram: 7.732GiB, u_sort min: 2.250GiB, qs min: 1.125GiB.
	Bucket 44 uniform sort. Ram: 7.732GiB, u_sort min: 2.250GiB, qs min: 1.125GiB.
	Bucket 45 uniform sort. Ram: 7.732GiB, u_sort min: 2.250GiB, qs min: 1.125GiB.
	Bucket 46 uniform sort. Ram: 7.732GiB, u_sort min: 4.500GiB, qs min: 1.125GiB.
	Bucket 47 uniform sort. Ram: 7.732GiB, u_sort min: 2.250GiB, qs min: 1.125GiB.
	Bucket 48 uniform sort. Ram: 7.732GiB, u_sort min: 2.250GiB, qs min: 1.125GiB.
	Bucket 49 uniform sort. Ram: 7.732GiB, u_sort min: 2.250GiB, qs min: 1.125GiB.
	Bucket 50 uniform sort. Ram: 7.732GiB, u_sort min: 2.250GiB, qs min: 1.125GiB.
	Bucket 51 uniform sort. Ram: 7.732GiB, u_sort min: 2.250GiB, qs min: 1.125GiB.
	Bucket 52 uniform sort. Ram: 7.732GiB, u_sort min: 4.500GiB, qs min: 1.125GiB.
	Bucket 53 uniform sort. Ram: 7.732GiB, u_sort min: 2.250GiB, qs min: 1.125GiB.
	Bucket 54 uniform sort. Ram: 7.732GiB, u_sort min: 2.250GiB, qs min: 1.125GiB.
	Bucket 55 uniform sort. Ram: 7.732GiB, u_sort min: 2.250GiB, qs min: 1.125GiB.
	Bucket 56 uniform sort. Ram: 7.732GiB, u_sort min: 2.250GiB, qs min: 1.125GiB.
	Bucket 57 uniform sort. Ram: 7.732GiB, u_sort min: 2.250GiB, qs min: 1.125GiB.
	Bucket 58 uniform sort. Ram: 7.732GiB, u_sort min: 2.250GiB, qs min: 1.125GiB.
	Bucket 59 uniform sort. Ram: 7.732GiB, u_sort min: 2.250GiB, qs min: 1.125GiB.
	Bucket 60 uniform sort. Ram: 7.732GiB, u_sort min: 4.500GiB, qs min: 1.125GiB.
	Bucket 61 uniform sort. Ram: 7.732GiB, u_sort min: 2.250GiB, qs min: 1.125GiB.
	Bucket 62 uniform sort. Ram: 7.732GiB, u_sort min: 2.250GiB, qs min: 1.125GiB.
	Bucket 63 uniform sort. Ram: 7.732GiB, u_sort min: 4.500GiB, qs min: 1.125GiB.
	Total matches: 4294266438
Forward propagation table time: 2416.360 seconds. CPU (123.140%) Thu May 13 06:04:44 2021
Time for phase 1 = 22323.330 seconds. CPU (90.470%) Thu May 13 06:04:44 2021

Starting phase 2/4: Backpropagation into tmp files... Thu May 13 06:04:44 2021
Backpropagating on table 7
scanned table 7
scanned time =  636.830 seconds. CPU (4.060%) Thu May 13 06:15:21 2021
sorting table 7
Backpropagating on table 6
scanned table 6
scanned time =  382.507 seconds. CPU (39.920%) Thu May 13 06:45:07 2021
sorting table 6
sort time =  1237.783 seconds. CPU (41.650%) Thu May 13 07:05:45 2021
Backpropagating on table 5
scanned table 5
scanned time =  328.167 seconds. CPU (55.050%) Thu May 13 07:11:14 2021
sorting table 5
sort time =  1176.418 seconds. CPU (46.510%) Thu May 13 07:30:50 2021
Backpropagating on table 4
scanned table 4
scanned time =  317.294 seconds. CPU (55.020%) Thu May 13 07:36:08 2021
sorting table 4
sort time =  1118.150 seconds. CPU (44.880%) Thu May 13 07:54:46 2021
Backpropagating on table 3
scanned table 3
scanned time =  306.251 seconds. CPU (56.520%) Thu May 13 07:59:53 2021
sorting table 3
sort time =  1139.993 seconds. CPU (44.850%) Thu May 13 08:18:53 2021
Backpropagating on table 2
scanned table 2
scanned time =  301.684 seconds. CPU (56.440%) Thu May 13 08:23:55 2021
sorting table 2
sort time =  1152.637 seconds. CPU (45.260%) Thu May 13 08:43:07 2021
table 1 new size: 3425155413
Time for phase 2 = 9504.206 seconds. CPU (38.030%) Thu May 13 08:43:08 2021
Wrote: 268

Starting phase 3/4: Compression from tmp files into "g:\\chiaca\\plot-k32-2021-05-12-23-52-7cceaa17a79535a73ea041ee61df31f67178c727f8089545bebe0faea5936b40.plot.2.tmp" ... Thu May 13 08:43:08 2021
Compressing tables 1 and 2
	Bucket 0 uniform sort. Ram: 7.732GiB, u_sort min: 2.500GiB, qs min: 0.626GiB.
	Bucket 1 uniform sort. Ram: 7.732GiB, u_sort min: 2.500GiB, qs min: 0.626GiB.
	Bucket 2 uniform sort. Ram: 7.732GiB, u_sort min: 2.500GiB, qs min: 0.626GiB.
	Bucket 3 uniform sort. Ram: 7.732GiB, u_sort min: 2.500GiB, qs min: 0.626GiB.
	Bucket 4 uniform sort. Ram: 7.732GiB, u_sort min: 2.500GiB, qs min: 0.626GiB.
	Bucket 5 uniform sort. Ram: 7.732GiB, u_sort min: 2.500GiB, qs min: 0.626GiB.
	Bucket 6 uniform sort. Ram: 7.732GiB, u_sort min: 2.500GiB, qs min: 0.626GiB.
	Bucket 7 uniform sort. Ram: 7.732GiB, u_sort min: 2.500GiB, qs min: 0.626GiB.
	Bucket 8 uniform sort. Ram: 7.732GiB, u_sort min: 2.500GiB, qs min: 0.626GiB.
	Bucket 9 uniform sort. Ram: 7.732GiB, u_sort min: 2.500GiB, qs min: 0.626GiB.
	Bucket 10 uniform sort. Ram: 7.732GiB, u_sort min: 2.500GiB, qs min: 0.626GiB.
	Bucket 11 uniform sort. Ram: 7.732GiB, u_sort min: 2.500GiB, qs min: 0.626GiB.
	Bucket 12 uniform sort. Ram: 7.732GiB, u_sort min: 2.500GiB, qs min: 0.626GiB.
	Bucket 13 uniform sort. Ram: 7.732GiB, u_sort min: 2.500GiB, qs min: 0.626GiB.
	Bucket 14 uniform sort. Ram: 7.732GiB, u_sort min: 2.500GiB, qs min: 0.626GiB.
	Bucket 15 uniform sort. Ram: 7.732GiB, u_sort min: 2.500GiB, qs min: 0.626GiB.
	Bucket 16 uniform sort. Ram: 7.732GiB, u_sort min: 2.500GiB, qs min: 0.626GiB.
	Bucket 17 uniform sort. Ram: 7.732GiB, u_sort min: 2.500GiB, qs min: 0.626GiB.
	Bucket 18 uniform sort. Ram: 7.732GiB, u_sort min: 2.500GiB, qs min: 0.626GiB.
	Bucket 19 uniform sort. Ram: 7.732GiB, u_sort min: 2.500GiB, qs min: 0.626GiB.
	Bucket 20 uniform sort. Ram: 7.732GiB, u_sort min: 2.500GiB, qs min: 0.626GiB.
	Bucket 21 uniform sort. Ram: 7.732GiB, u_sort min: 2.500GiB, qs min: 0.626GiB.
	Bucket 22 uniform sort. Ram: 7.732GiB, u_sort min: 2.500GiB, qs min: 0.626GiB.
	Bucket 23 uniform sort. Ram: 7.732GiB, u_sort min: 2.500GiB, qs min: 0.626GiB.
	Bucket 24 uniform sort. Ram: 7.732GiB, u_sort min: 2.500GiB, qs min: 0.626GiB.
	Bucket 25 uniform sort. Ram: 7.732GiB, u_sort min: 2.500GiB, qs min: 0.626GiB.
	Bucket 26 uniform sort. Ram: 7.732GiB, u_sort min: 2.500GiB, qs min: 0.626GiB.
	Bucket 27 uniform sort. Ram: 7.732GiB, u_sort min: 2.500GiB, qs min: 0.626GiB.
	Bucket 28 uniform sort. Ram: 7.732GiB, u_sort min: 2.500GiB, qs min: 0.626GiB.
	Bucket 29 uniform sort. Ram: 7.732GiB, u_sort min: 2.500GiB, qs min: 0.626GiB.
	Bucket 30 uniform sort. Ram: 7.732GiB, u_sort min: 2.500GiB, qs min: 0.626GiB.
	Bucket 31 uniform sort. Ram: 7.732GiB, u_sort min: 2.500GiB, qs min: 0.626GiB.
	Bucket 32 uniform sort. Ram: 7.732GiB, u_sort min: 2.500GiB, qs min: 0.626GiB.
	Bucket 33 uniform sort. Ram: 7.732GiB, u_sort min: 2.500GiB, qs min: 0.626GiB.
	Bucket 34 uniform sort. Ram: 7.732GiB, u_sort min: 2.500GiB, qs min: 0.626GiB.
	Bucket 35 uniform sort. Ram: 7.732GiB, u_sort min: 2.500GiB, qs min: 0.626GiB.
	Bucket 36 uniform sort. Ram: 7.732GiB, u_sort min: 2.500GiB, qs min: 0.626GiB.
	Bucket 37 uniform sort. Ram: 7.732GiB, u_sort min: 2.500GiB, qs min: 0.626GiB.
	Bucket 38 uniform sort. Ram: 7.732GiB, u_sort min: 2.500GiB, qs min: 0.626GiB.
	Bucket 39 uniform sort. Ram: 7.732GiB, u_sort min: 2.500GiB, qs min: 0.626GiB.
	Bucket 40 uniform sort. Ram: 7.732GiB, u_sort min: 2.500GiB, qs min: 0.626GiB.
	Bucket 41 uniform sort. Ram: 7.732GiB, u_sort min: 2.500GiB, qs min: 0.626GiB.
	Bucket 42 uniform sort. Ram: 7.732GiB, u_sort min: 2.500GiB, qs min: 0.626GiB.
	Bucket 43 uniform sort. Ram: 7.732GiB, u_sort min: 2.500GiB, qs min: 0.626GiB.
	Bucket 44 uniform sort. Ram: 7.732GiB, u_sort min: 2.500GiB, qs min: 0.626GiB.
	Bucket 45 uniform sort. Ram: 7.732GiB, u_sort min: 2.500GiB, qs min: 0.626GiB.
	Bucket 46 uniform sort. Ram: 7.732GiB, u_sort min: 2.500GiB, qs min: 0.626GiB.
	Bucket 47 uniform sort. Ram: 7.732GiB, u_sort min: 2.500GiB, qs min: 0.626GiB.
	Bucket 48 uniform sort. Ram: 7.732GiB, u_sort min: 2.500GiB, qs min: 0.626GiB.
	Bucket 49 uniform sort. Ram: 7.732GiB, u_sort min: 2.500GiB, qs min: 0.626GiB.
	Bucket 50 uniform sort. Ram: 7.732GiB, u_sort min: 2.500GiB, qs min: 0.626GiB.
	Bucket 51 QS. Ram: 7.732GiB, u_sort min: 0.078GiB, qs min: 0.024GiB. force_qs: 1
	First computation pass time: 1758.306 seconds. CPU (42.100%) Thu May 13 09:12:26 2021
	Bucket 0 uniform sort. Ram: 7.732GiB, u_sort min: 1.500GiB, qs min: 0.629GiB.
	Bucket 1 uniform sort. Ram: 7.732GiB, u_sort min: 1.500GiB, qs min: 0.593GiB.
	Bucket 2 uniform sort. Ram: 7.732GiB, u_sort min: 1.500GiB, qs min: 0.635GiB.
	Bucket 3 uniform sort. Ram: 7.732GiB, u_sort min: 1.500GiB, qs min: 0.612GiB.
	Bucket 4 uniform sort. Ram: 7.732GiB, u_sort min: 1.500GiB, qs min: 0.580GiB.
	Bucket 5 uniform sort. Ram: 7.732GiB, u_sort min: 1.500GiB, qs min: 0.591GiB.
	Bucket 6 uniform sort. Ram: 7.732GiB, u_sort min: 1.500GiB, qs min: 0.604GiB.
	Bucket 7 uniform sort. Ram: 7.732GiB, u_sort min: 1.500GiB, qs min: 0.601GiB.
	Bucket 8 uniform sort. Ram: 7.732GiB, u_sort min: 1.500GiB, qs min: 0.608GiB.
	Bucket 9 uniform sort. Ram: 7.732GiB, u_sort min: 1.500GiB, qs min: 0.603GiB.
	Bucket 10 uniform sort. Ram: 7.732GiB, u_sort min: 1.500GiB, qs min: 0.598GiB.
	Bucket 11 uniform sort. Ram: 7.732GiB, u_sort min: 1.500GiB, qs min: 0.613GiB.
	Bucket 12 uniform sort. Ram: 7.732GiB, u_sort min: 1.500GiB, qs min: 0.623GiB.
	Bucket 13 uniform sort. Ram: 7.732GiB, u_sort min: 1.500GiB, qs min: 0.610GiB.
	Bucket 14 uniform sort. Ram: 7.732GiB, u_sort min: 1.500GiB, qs min: 0.599GiB.
	Bucket 15 uniform sort. Ram: 7.732GiB, u_sort min: 1.500GiB, qs min: 0.595GiB.
	Bucket 16 uniform sort. Ram: 7.732GiB, u_sort min: 1.500GiB, qs min: 0.603GiB.
	Bucket 17 uniform sort. Ram: 7.732GiB, u_sort min: 1.500GiB, qs min: 0.599GiB.
	Bucket 18 uniform sort. Ram: 7.732GiB, u_sort min: 1.500GiB, qs min: 0.591GiB.
	Bucket 19 uniform sort. Ram: 7.732GiB, u_sort min: 1.500GiB, qs min: 0.581GiB.
	Bucket 20 uniform sort. Ram: 7.732GiB, u_sort min: 1.500GiB, qs min: 0.581GiB.
	Bucket 21 uniform sort. Ram: 7.732GiB, u_sort min: 1.500GiB, qs min: 0.592GiB.
	Bucket 22 uniform sort. Ram: 7.732GiB, u_sort min: 1.500GiB, qs min: 0.599GiB.
	Bucket 23 uniform sort. Ram: 7.732GiB, u_sort min: 1.500GiB, qs min: 0.599GiB.
	Bucket 24 uniform sort. Ram: 7.732GiB, u_sort min: 1.500GiB, qs min: 0.595GiB.
	Bucket 25 uniform sort. Ram: 7.732GiB, u_sort min: 1.500GiB, qs min: 0.592GiB.
	Bucket 26 uniform sort. Ram: 7.732GiB, u_sort min: 1.500GiB, qs min: 0.596GiB.
	Bucket 27 uniform sort. Ram: 7.732GiB, u_sort min: 1.500GiB, qs min: 0.598GiB.
	Bucket 28 uniform sort. Ram: 7.732GiB, u_sort min: 1.500GiB, qs min: 0.597GiB.
	Bucket 29 uniform sort. Ram: 7.732GiB, u_sort min: 1.500GiB, qs min: 0.595GiB.
	Bucket 30 uniform sort. Ram: 7.732GiB, u_sort min: 1.500GiB, qs min: 0.599GiB.
	Bucket 31 uniform sort. Ram: 7.732GiB, u_sort min: 1.500GiB, qs min: 0.601GiB.
	Bucket 32 uniform sort. Ram: 7.732GiB, u_sort min: 1.500GiB, qs min: 0.603GiB.
	Bucket 33 uniform sort. Ram: 7.732GiB, u_sort min: 1.500GiB, qs min: 0.604GiB.
	Bucket 34 uniform sort. Ram: 7.732GiB, u_sort min: 1.500GiB, qs min: 0.606GiB.
	Bucket 35 uniform sort. Ram: 7.732GiB, u_sort min: 1.500GiB, qs min: 0.607GiB.
	Bucket 36 uniform sort. Ram: 7.732GiB, u_sort min: 1.500GiB, qs min: 0.598GiB.
	Bucket 37 uniform sort. Ram: 7.732GiB, u_sort min: 1.500GiB, qs min: 0.596GiB.
	Bucket 38 uniform sort. Ram: 7.732GiB, u_sort min: 1.500GiB, qs min: 0.593GiB.
	Bucket 39 uniform sort. Ram: 7.732GiB, u_sort min: 1.500GiB, qs min: 0.589GiB.
	Bucket 40 uniform sort. Ram: 7.732GiB, u_sort min: 1.500GiB, qs min: 0.589GiB.
	Bucket 41 uniform sort. Ram: 7.732GiB, u_sort min: 1.500GiB, qs min: 0.590GiB.
	Bucket 42 uniform sort. Ram: 7.732GiB, u_sort min: 1.500GiB, qs min: 0.591GiB.
	Bucket 43 uniform sort. Ram: 7.732GiB, u_sort min: 1.500GiB, qs min: 0.592GiB.
	Bucket 44 uniform sort. Ram: 7.732GiB, u_sort min: 1.500GiB, qs min: 0.596GiB.
	Bucket 45 uniform sort. Ram: 7.732GiB, u_sort min: 1.500GiB, qs min: 0.599GiB.
	Bucket 46 uniform sort. Ram: 7.732GiB, u_sort min: 1.500GiB, qs min: 0.602GiB.
	Bucket 47 uniform sort. Ram: 7.732GiB, u_sort min: 1.500GiB, qs min: 0.603GiB.
	Bucket 48 uniform sort. Ram: 7.732GiB, u_sort min: 1.500GiB, qs min: 0.603GiB.
	Bucket 49 uniform sort. Ram: 7.732GiB, u_sort min: 1.500GiB, qs min: 0.602GiB.
	Bucket 50 uniform sort. Ram: 7.732GiB, u_sort min: 1.500GiB, qs min: 0.600GiB.
	Bucket 51 uniform sort. Ram: 7.732GiB, u_sort min: 1.500GiB, qs min: 0.597GiB.
	Bucket 52 uniform sort. Ram: 7.732GiB, u_sort min: 1.500GiB, qs min: 0.596GiB.
	Bucket 53 uniform sort. Ram: 7.732GiB, u_sort min: 1.500GiB, qs min: 0.596GiB.
	Bucket 54 uniform sort. Ram: 7.732GiB, u_sort min: 1.500GiB, qs min: 0.597GiB.
	Bucket 55 uniform sort. Ram: 7.732GiB, u_sort min: 1.500GiB, qs min: 0.597GiB.
	Bucket 56 uniform sort. Ram: 7.732GiB, u_sort min: 1.500GiB, qs min: 0.594GiB.
	Bucket 57 uniform sort. Ram: 7.732GiB, u_sort min: 1.500GiB, qs min: 0.593GiB.
	Bucket 58 uniform sort. Ram: 7.732GiB, u_sort min: 1.500GiB, qs min: 0.594GiB.
	Bucket 59 uniform sort. Ram: 7.732GiB, u_sort min: 1.500GiB, qs min: 0.594GiB.
	Bucket 60 uniform sort. Ram: 7.732GiB, u_sort min: 1.500GiB, qs min: 0.597GiB.
	Bucket 61 uniform sort. Ram: 7.732GiB, u_sort min: 1.500GiB, qs min: 0.597GiB.
	Bucket 62 uniform sort. Ram: 7.732GiB, u_sort min: 1.500GiB, qs min: 0.599GiB.
	Bucket 63 QS. Ram: 7.732GiB, u_sort min: 1.500GiB, qs min: 0.599GiB. force_qs: 1
	Second computation pass time: 1533.013 seconds. CPU (28.770%) Thu May 13 09:37:59 2021
	Wrote 3429367554 entries
Total compress table time: 3291.498 seconds. CPU (35.890%) Thu May 13 09:37:59 2021
Compressing tables 2 and 3
	Bucket 0 uniform sort. Ram: 3.866GiB, u_sort min: 2.500GiB, qs min: 0.627GiB.
	Bucket 0 uniform sort. Ram: 3.866GiB, u_sort min: 1.000GiB, qs min: 0.500GiB.
	Bucket 1 uniform sort. Ram: 3.866GiB, u_sort min: 2.500GiB, qs min: 0.627GiB.
	Bucket 1 uniform sort. Ram: 3.866GiB, u_sort min: 1.000GiB, qs min: 0.500GiB.
	Bucket 2 uniform sort. Ram: 3.866GiB, u_sort min: 2.500GiB, qs min: 0.627GiB.
	Bucket 2 uniform sort. Ram: 3.866GiB, u_sort min: 1.000GiB, qs min: 0.500GiB.
	Bucket 3 uniform sort. Ram: 3.866GiB, u_sort min: 2.500GiB, qs min: 0.627GiB.
	Bucket 3 uniform sort. Ram: 3.866GiB, u_sort min: 1.000GiB, qs min: 0.500GiB.
	Bucket 4 uniform sort. Ram: 3.866GiB, u_sort min: 2.500GiB, qs min: 0.627GiB.
	Bucket 4 uniform sort. Ram: 3.866GiB, u_sort min: 1.000GiB, qs min: 0.500GiB.
	Bucket 5 uniform sort. Ram: 3.866GiB, u_sort min: 2.500GiB, qs min: 0.627GiB.
	Bucket 5 uniform sort. Ram: 3.866GiB, u_sort min: 1.000GiB, qs min: 0.500GiB.
	Bucket 6 uniform sort. Ram: 3.866GiB, u_sort min: 2.500GiB, qs min: 0.627GiB.
	Bucket 6 uniform sort. Ram: 3.866GiB, u_sort min: 1.000GiB, qs min: 0.500GiB.
	Bucket 7 uniform sort. Ram: 3.866GiB, u_sort min: 2.500GiB, qs min: 0.627GiB.
	Bucket 7 uniform sort. Ram: 3.866GiB, u_sort min: 1.000GiB, qs min: 0.500GiB.
